🚀 批量扫描 50 个钱包


[1/50] 扫描钱包...
🚀 智能扫描: 0x2a2c53bd278c04da9962fcf96490e17f3dfb9bc1
============================================================

📊 步骤1: 基础分析...
🔍 正在分析钱包: 0x2a2c53bd278c04da9962fcf96490e17f3dfb9bc1
⏱️  分析周期: 过去 90 天

✅ 分析完成
   胜率: 0.0%
   总盈亏: $32,718.10
   夏普比率: 0.0

🧠 步骤2: 自动学习模式...
🔍 分析钱包模式: 0x2a2c53bd278c04da9962fcf96490e17f3dfb9bc1
✅ 学习完成
   生成 0 个新原则

📡 步骤3: 生成交易建议...
   💡 🟡 风险较高: 夏普比率偏低(0.0)，谨慎参考
   💡 🟢 回撤控制佳: 最大回撤仅0.0%
   💡 🟢 盈利能力强: 总收益$32,718.10

[2/50] 扫描钱包...
🚀 智能扫描: 0x6a72f61820b26b1fe4d956e17b6dc2a1ea3033ee
============================================================

📊 步骤1: 基础分析...
🔍 正在分析钱包: 0x6a72f61820b26b1fe4d956e17b6dc2a1ea3033ee
⏱️  分析周期: 过去 90 天

✅ 分析完成
   胜率: 0.0%
   总盈亏: $-6,257.67
   夏普比率: 0.0

🧠 步骤2: 自动学习模式...
🔍 分析钱包模式: 0x6a72f61820b26b1fe4d956e17b6dc2a1ea3033ee
✅ 学习完成
   生成 0 个新原则

📡 步骤3: 生成交易建议...
   💡 🟡 风险较高: 夏普比率偏低(0.0)，谨慎参考
   💡 🟢 回撤控制佳: 最大回撤仅0.0%

[3/50] 扫描钱包...
🚀 智能扫描: 0x03e8a544e97eeff5753bc1e90d46e5ef22af1697
============================================================

📊 步骤1: 基础分析...
🔍 正在分析钱包: 0x03e8a544e97eeff5753bc1e90d46e5ef22af1697
⏱️  分析周期: 过去 90 天

✅ 分析完成
   胜率: 0.0%
   总盈亏: $-9,664.29
   夏普比率: 0.0

🧠 步骤2: 自动学习模式...
🔍 分析钱包模式: 0x03e8a544e97eeff5753bc1e90d46e5ef22af1697
✅ 学习完成
   生成 0 个新原则

📡 步骤3: 生成交易建议...
   💡 🟡 风险较高: 夏普比率偏低(0.0)，谨慎参考
   💡 🟢 回撤控制佳: 最大回撤仅0.0%

[4/50] 扫描钱包...
🚀 智能扫描: 0x2c335066fe58fe9237c3d3dc7b275c2a034a0563
============================================================

📊 步骤1: 基础分析...
🔍 正在分析钱包: 0x2c335066fe58fe9237c3d3dc7b275c2a034a0563
⏱️  分析周期: 过去 90 天

✅ 分析完成
   胜率: 0.0%
   总盈亏: $68,615.99
   夏普比率: 0.0

🧠 步骤2: 自动学习模式...
🔍 分析钱包模式: 0x2c335066fe58fe9237c3d3dc7b275c2a034a0563
✅ 学习完成
   生成 0 个新原则

📡 步骤3: 生成交易建议...
   💡 🟡 风险较高: 夏普比率偏低(0.0)，谨慎参考
   💡 🟢 回撤控制佳: 最大回撤仅0.0%
   💡 🟢 盈利能力强: 总收益$68,615.99

[5/50] 扫描钱包...
🚀 智能扫描: 0x07b8e44b90cc3e91b8d5fe60ea810d2534638e25
============================================================

📊 步骤1: 基础分析...
🔍 正在分析钱包: 0x07b8e44b90cc3e91b8d5fe60ea810d2534638e25
⏱️  分析周期: 过去 90 天

✅ 分析完成
   胜率: 0.0%
   总盈亏: $38.49
   夏普比率: 0.0

🧠 步骤2: 自动学习模式...
🔍 分析钱包模式: 0x07b8e44b90cc3e91b8d5fe60ea810d2534638e25
✅ 学习完成
   生成 0 个新原则

📡 步骤3: 生成交易建议...
   💡 🟡 风险较高: 夏普比率偏低(0.0)，谨慎参考
   💡 🟢 回撤控制佳: 最大回撤仅0.0%

🧬 步骤4: 触发原则进化...
🧬 进化交易原则...
✅ 进化完成:
   淘汰原则: 0
   合并原则: 0
   新增原则: 0
   原则总数: 3
✅ 进化完成: +0 新原则

[6/50] 扫描钱包...
🚀 智能扫描: 0x8f037a2e4fd49d11267f4ab874ab7ba745ac64d6
============================================================

📊 步骤1: 基础分析...
🔍 正在分析钱包: 0x8f037a2e4fd49d11267f4ab874ab7ba745ac64d6
⏱️  分析周期: 过去 90 天

✅ 分析完成
   胜率: 0.0%
   总盈亏: $2,932.83
   夏普比率: 0.0

🧠 步骤2: 自动学习模式...
🔍 分析钱包模式: 0x8f037a2e4fd49d11267f4ab874ab7ba745ac64d6
✅ 学习完成
   生成 0 个新原则

📡 步骤3: 生成交易建议...
   💡 🟡 风险较高: 夏普比率偏低(0.0)，谨慎参考
   💡 🟢 回撤控制佳: 最大回撤仅0.0%

[7/50] 扫描钱包...
🚀 智能扫描: 0x8a6c6811e8937f9e8afc1b9249fa540262c30b3f
============================================================

📊 步骤1: 基础分析...
🔍 正在分析钱包: 0x8a6c6811e8937f9e8afc1b9249fa540262c30b3f
⏱️  分析周期: 过去 90 天

✅ 分析完成
   胜率: 0.0%
   总盈亏: $0.00
   夏普比率: 0.0

🧠 步骤2: 自动学习模式...
🔍 分析钱包模式: 0x8a6c6811e8937f9e8afc1b9249fa540262c30b3f
✅ 学习完成
   生成 0 个新原则

📡 步骤3: 生成交易建议...
   💡 🟡 风险较高: 夏普比率偏低(0.0)，谨慎参考
   💡 🟢 回撤控制佳: 最大回撤仅0.0%

[8/50] 扫描钱包...
🚀 智能扫描: 0xada56a3f1a9d7d3fe7ec8cbcaa0865109c57db70
============================================================

📊 步骤1: 基础分析...
🔍 正在分析钱包: 0xada56a3f1a9d7d3fe7ec8cbcaa0865109c57db70
⏱️  分析周期: 过去 90 天

✅ 分析完成
   胜率: 0.0%
   总盈亏: $-5,111.19
   夏普比率: 0.0

🧠 步骤2: 自动学习模式...
🔍 分析钱包模式: 0xada56a3f1a9d7d3fe7ec8cbcaa0865109c57db70
✅ 学习完成
   生成 0 个新原则

📡 步骤3: 生成交易建议...
   💡 🟡 风险较高: 夏普比率偏低(0.0)，谨慎参考
   💡 🟢 回撤控制佳: 最大回撤仅0.0%

[9/50] 扫描钱包...
🚀 智能扫描: 0xead152b855effa6b5b5837f53b24c0756830c76a
============================================================

📊 步骤1: 基础分析...
🔍 正在分析钱包: 0xead152b855effa6b5b5837f53b24c0756830c76a
⏱️  分析周期: 过去 90 天

✅ 分析完成
   胜率: 0.0%
   总盈亏: $-31,860.09
   夏普比率: 0.0

🧠 步骤2: 自动学习模式...
🔍 分析钱包模式: 0xead152b855effa6b5b5837f53b24c0756830c76a
✅ 学习完成
   生成 0 个新原则

📡 步骤3: 生成交易建议...
   💡 🟡 风险较高: 夏普比率偏低(0.0)，谨慎参考
   💡 🟢 回撤控制佳: 最大回撤仅0.0%

[10/50] 扫描钱包...
🚀 智能扫描: 0xe20a1538293903b746ffe6c4ce2d5c3c0300e469
============================================================

📊 步骤1: 基础分析...
🔍 正在分析钱包: 0xe20a1538293903b746ffe6c4ce2d5c3c0300e469
⏱️  分析周期: 过去 90 天

✅ 分析完成
   胜率: 0.0%
   总盈亏: $-2,916.55
   夏普比率: 0.0

🧠 步骤2: 自动学习模式...
🔍 分析钱包模式: 0xe20a1538293903b746ffe6c4ce2d5c3c0300e469
✅ 学习完成
   生成 0 个新原则

📡 步骤3: 生成交易建议...
   💡 🟡 风险较高: 夏普比率偏低(0.0)，谨慎参考
   💡 🟢 回撤控制佳: 最大回撤仅0.0%

🧬 步骤4: 触发原则进化...
🧬 进化交易原则...
✅ 进化完成:
   淘汰原则: 0
   合并原则: 0
   新增原则: 0
   原则总数: 3
✅ 进化完成: +0 新原则

[11/50] 扫描钱包...
🚀 智能扫描: 0xd106952ebf30a3125affd8a23b6c1f30c35fc79c
============================================================

📊 步骤1: 基础分析...
🔍 正在分析钱包: 0xd106952ebf30a3125affd8a23b6c1f30c35fc79c
⏱️  分析周期: 过去 90 天

✅ 分析完成
   胜率: 0.0%
   总盈亏: $0.00
   夏普比率: 0.0

🧠 步骤2: 自动学习模式...
🔍 分析钱包模式: 0xd106952ebf30a3125affd8a23b6c1f30c35fc79c
✅ 学习完成
   生成 0 个新原则

📡 步骤3: 生成交易建议...
   💡 🟡 风险较高: 夏普比率偏低(0.0)，谨慎参考
   💡 🟢 回撤控制佳: 最大回撤仅0.0%

[12/50] 扫描钱包...
🚀 智能扫描: 0xdb2223cc5202a4718c3069f577ec971f71c96478
============================================================

📊 步骤1: 基础分析...
🔍 正在分析钱包: 0xdb2223cc5202a4718c3069f577ec971f71c96478
⏱️  分析周期: 过去 90 天

✅ 分析完成
   胜率: 0.0%
   总盈亏: $0.00
   夏普比率: 0.0

🧠 步骤2: 自动学习模式...
🔍 分析钱包模式: 0xdb2223cc5202a4718c3069f577ec971f71c96478
✅ 学习完成
   生成 0 个新原则

📡 步骤3: 生成交易建议...
   💡 🟡 风险较高: 夏普比率偏低(0.0)，谨慎参考
   💡 🟢 回撤控制佳: 最大回撤仅0.0%

[13/50] 扫描钱包...
🚀 智能扫描: 0x7af9bac9328c7cec1f9d07786e59576b608db408
============================================================

📊 步骤1: 基础分析...
🔍 正在分析钱包: 0x7af9bac9328c7cec1f9d07786e59576b608db408
⏱️  分析周期: 过去 90 天

✅ 分析完成
   胜率: 0.0%
   总盈亏: $25,855.82
   夏普比率: 0.0

🧠 步骤2: 自动学习模式...
🔍 分析钱包模式: 0x7af9bac9328c7cec1f9d07786e59576b608db408
✅ 学习完成
   生成 0 个新原则

📡 步骤3: 生成交易建议...
   💡 🟡 风险较高: 夏普比率偏低(0.0)，谨慎参考
   💡 🟢 回撤控制佳: 最大回撤仅0.0%
   💡 🟢 盈利能力强: 总收益$25,855.82

[14/50] 扫描钱包...
🚀 智能扫描: 0xee613b3fc183ee44f9da9c05f53e2da107e3debf
============================================================

📊 步骤1: 基础分析...
🔍 正在分析钱包: 0xee613b3fc183ee44f9da9c05f53e2da107e3debf
⏱️  分析周期: 过去 90 天

✅ 分析完成
   胜率: 0.0%
   总盈亏: $879.91
   夏普比率: 0.0

🧠 步骤2: 自动学习模式...
🔍 分析钱包模式: 0xee613b3fc183ee44f9da9c05f53e2da107e3debf
✅ 学习完成
   生成 0 个新原则

📡 步骤3: 生成交易建议...
   💡 🟡 风险较高: 夏普比率偏低(0.0)，谨慎参考
   💡 🟢 回撤控制佳: 最大回撤仅0.0%

[15/50] 扫描钱包...
🚀 智能扫描: 0xd6966eb1ae7b52320ba7ab1016680198c9e08a49
============================================================

📊 步骤1: 基础分析...
🔍 正在分析钱包: 0xd6966eb1ae7b52320ba7ab1016680198c9e08a49
⏱️  分析周期: 过去 90 天

✅ 分析完成
   胜率: 0.0%
   总盈亏: $-117.29
   夏普比率: 0.0

🧠 步骤2: 自动学习模式...
🔍 分析钱包模式: 0xd6966eb1ae7b52320ba7ab1016680198c9e08a49
✅ 学习完成
   生成 0 个新原则

📡 步骤3: 生成交易建议...
   💡 🟡 风险较高: 夏普比率偏低(0.0)，谨慎参考
   💡 🟢 回撤控制佳: 最大回撤仅0.0%

🧬 步骤4: 触发原则进化...
🧬 进化交易原则...
✅ 进化完成:
   淘汰原则: 0
   合并原则: 0
   新增原则: 0
   原则总数: 3
✅ 进化完成: +0 新原则

[16/50] 扫描钱包...
🚀 智能扫描: 0x9d84ce0306f8551e02efef1680475fc0f1dc1344
============================================================

📊 步骤1: 基础分析...
🔍 正在分析钱包: 0x9d84ce0306f8551e02efef1680475fc0f1dc1344
⏱️  分析周期: 过去 90 天

✅ 分析完成
   胜率: 0.0%
   总盈亏: $180,669.08
   夏普比率: 0.0

🧠 步骤2: 自动学习模式...
🔍 分析钱包模式: 0x9d84ce0306f8551e02efef1680475fc0f1dc1344
✅ 学习完成
   生成 0 个新原则

📡 步骤3: 生成交易建议...
   💡 🟡 风险较高: 夏普比率偏低(0.0)，谨慎参考
   💡 🟢 回撤控制佳: 最大回撤仅0.0%
   💡 🟢 盈利能力强: 总收益$180,669.08

[17/50] 扫描钱包...
🚀 智能扫描: 0x4435a170c507aa2c7e7e32859b4adcac64c20840
============================================================

📊 步骤1: 基础分析...
🔍 正在分析钱包: 0x4435a170c507aa2c7e7e32859b4adcac64c20840
⏱️  分析周期: 过去 90 天

✅ 分析完成
   胜率: 0.0%
   总盈亏: $0.00
   夏普比率: 0.0

🧠 步骤2: 自动学习模式...
🔍 分析钱包模式: 0x4435a170c507aa2c7e7e32859b4adcac64c20840
✅ 学习完成
   生成 0 个新原则

📡 步骤3: 生成交易建议...
   💡 🟡 风险较高: 夏普比率偏低(0.0)，谨慎参考
   💡 🟢 回撤控制佳: 最大回撤仅0.0%

[18/50] 扫描钱包...
🚀 智能扫描: 0x6ac5bb06a9eb05641fd5e82640268b92f3ab4b6e
============================================================

📊 步骤1: 基础分析...
🔍 正在分析钱包: 0x6ac5bb06a9eb05641fd5e82640268b92f3ab4b6e
⏱️  分析周期: 过去 90 天

✅ 分析完成
   胜率: 0.0%
   总盈亏: $-1,842.43
   夏普比率: 0.0

🧠 步骤2: 自动学习模式...
🔍 分析钱包模式: 0x6ac5bb06a9eb05641fd5e82640268b92f3ab4b6e
✅ 学习完成
   生成 0 个新原则

📡 步骤3: 生成交易建议...
   💡 🟡 风险较高: 夏普比率偏低(0.0)，谨慎参考
   💡 🟢 回撤控制佳: 最大回撤仅0.0%

[19/50] 扫描钱包...
🚀 智能扫描: 0xe2cf7f3715640bdda625974ab3d3c83495edd1e7
============================================================

📊 步骤1: 基础分析...
🔍 正在分析钱包: 0xe2cf7f3715640bdda625974ab3d3c83495edd1e7
⏱️  分析周期: 过去 90 天

✅ 分析完成
   胜率: 0.0%
   总盈亏: $-6,709.55
   夏普比率: 0.0

🧠 步骤2: 自动学习模式...
🔍 分析钱包模式: 0xe2cf7f3715640bdda625974ab3d3c83495edd1e7
✅ 学习完成
   生成 0 个新原则

📡 步骤3: 生成交易建议...
   💡 🟡 风险较高: 夏普比率偏低(0.0)，谨慎参考
   💡 🟢 回撤控制佳: 最大回撤仅0.0%

[20/50] 扫描钱包...
🚀 智能扫描: 0xbb04b21ed2cefd4d9d0320f6585ff575367d648c
============================================================

📊 步骤1: 基础分析...
🔍 正在分析钱包: 0xbb04b21ed2cefd4d9d0320f6585ff575367d648c
⏱️  分析周期: 过去 90 天

✅ 分析完成
   胜率: 0.0%
   总盈亏: $-2,048.10
   夏普比率: 0.0

🧠 步骤2: 自动学习模式...
🔍 分析钱包模式: 0xbb04b21ed2cefd4d9d0320f6585ff575367d648c
✅ 学习完成
   生成 0 个新原则

📡 步骤3: 生成交易建议...
   💡 🟡 风险较高: 夏普比率偏低(0.0)，谨慎参考
   💡 🟢 回撤控制佳: 最大回撤仅0.0%

🧬 步骤4: 触发原则进化...
🧬 进化交易原则...
✅ 进化完成:
   淘汰原则: 0
   合并原则: 0
   新增原则: 0
   原则总数: 3
✅ 进化完成: +0 新原则

[21/50] 扫描钱包...
🚀 智能扫描: 0x033f0346c007323030eb420305ffede19a95618e
============================================================

📊 步骤1: 基础分析...
🔍 正在分析钱包: 0x033f0346c007323030eb420305ffede19a95618e
⏱️  分析周期: 过去 90 天

✅ 分析完成
   胜率: 0.0%
   总盈亏: $0.00
   夏普比率: 0.0

🧠 步骤2: 自动学习模式...
🔍 分析钱包模式: 0x033f0346c007323030eb420305ffede19a95618e
✅ 学习完成
   生成 0 个新原则

📡 步骤3: 生成交易建议...
   💡 🟡 风险较高: 夏普比率偏低(0.0)，谨慎参考
   💡 🟢 回撤控制佳: 最大回撤仅0.0%

[22/50] 扫描钱包...
🚀 智能扫描: 0x67bb64fac5252df3f61ee2d91a4b1350e40eb6ef
============================================================

📊 步骤1: 基础分析...
🔍 正在分析钱包: 0x67bb64fac5252df3f61ee2d91a4b1350e40eb6ef
⏱️  分析周期: 过去 90 天

✅ 分析完成
   胜率: 0.0%
   总盈亏: $33.40
   夏普比率: 0.0

🧠 步骤2: 自动学习模式...
🔍 分析钱包模式: 0x67bb64fac5252df3f61ee2d91a4b1350e40eb6ef
✅ 学习完成
   生成 0 个新原则

📡 步骤3: 生成交易建议...
   💡 🟡 风险较高: 夏普比率偏低(0.0)，谨慎参考
   💡 🟢 回撤控制佳: 最大回撤仅0.0%

[23/50] 扫描钱包...
🚀 智能扫描: 0x72b40c0012682ef52228ad53ef955f9e4f177d67
============================================================

📊 步骤1: 基础分析...
🔍 正在分析钱包: 0x72b40c0012682ef52228ad53ef955f9e4f177d67
⏱️  分析周期: 过去 90 天

✅ 分析完成
   胜率: 0.0%
   总盈亏: $-6,659.16
   夏普比率: 0.0

🧠 步骤2: 自动学习模式...
🔍 分析钱包模式: 0x72b40c0012682ef52228ad53ef955f9e4f177d67
✅ 学习完成
   生成 0 个新原则

📡 步骤3: 生成交易建议...
   💡 🟡 风险较高: 夏普比率偏低(0.0)，谨慎参考
   💡 🟢 回撤控制佳: 最大回撤仅0.0%

[24/50] 扫描钱包...
🚀 智能扫描: 0xf19d7d88cf362110027dcd64750fdd209a04276f
============================================================

📊 步骤1: 基础分析...
🔍 正在分析钱包: 0xf19d7d88cf362110027dcd64750fdd209a04276f
⏱️  分析周期: 过去 90 天

✅ 分析完成
   胜率: 0.0%
   总盈亏: $0.00
   夏普比率: 0.0

🧠 步骤2: 自动学习模式...
🔍 分析钱包模式: 0xf19d7d88cf362110027dcd64750fdd209a04276f
✅ 学习完成
   生成 0 个新原则

📡 步骤3: 生成交易建议...
   💡 🟡 风险较高: 夏普比率偏低(0.0)，谨慎参考
   💡 🟢 回撤控制佳: 最大回撤仅0.0%

[25/50] 扫描钱包...
🚀 智能扫描: 0xafbacaeeda63f31202759eff7f8126e49adfe61b
============================================================

📊 步骤1: 基础分析...
🔍 正在分析钱包: 0xafbacaeeda63f31202759eff7f8126e49adfe61b
⏱️  分析周期: 过去 90 天

✅ 分析完成
   胜率: 0.0%
   总盈亏: $26,924.40
   夏普比率: 0.0

🧠 步骤2: 自动学习模式...
🔍 分析钱包模式: 0xafbacaeeda63f31202759eff7f8126e49adfe61b
✅ 学习完成
   生成 0 个新原则

📡 步骤3: 生成交易建议...
   💡 🟡 风险较高: 夏普比率偏低(0.0)，谨慎参考
   💡 🟢 回撤控制佳: 最大回撤仅0.0%
   💡 🟢 盈利能力强: 总收益$26,924.40

🧬 步骤4: 触发原则进化...
🧬 进化交易原则...
✅ 进化完成:
   淘汰原则: 0
   合并原则: 0
   新增原则: 0
   原则总数: 3
✅ 进化完成: +0 新原则

[26/50] 扫描钱包...
🚀 智能扫描: 0x96489abcb9f583d6835c8ef95ffc923d05a86825
============================================================

📊 步骤1: 基础分析...
🔍 正在分析钱包: 0x96489abcb9f583d6835c8ef95ffc923d05a86825
⏱️  分析周期: 过去 90 天

✅ 分析完成
   胜率: 0.0%
   总盈亏: $46,360.53
   夏普比率: 0.0

🧠 步骤2: 自动学习模式...
🔍 分析钱包模式: 0x96489abcb9f583d6835c8ef95ffc923d05a86825
✅ 学习完成
   生成 0 个新原则

📡 步骤3: 生成交易建议...
   💡 🟡 风险较高: 夏普比率偏低(0.0)，谨慎参考
   💡 🟢 回撤控制佳: 最大回撤仅0.0%
   💡 🟢 盈利能力强: 总收益$46,360.53

[27/50] 扫描钱包...
🚀 智能扫描: 0xf28e42d20e4826f2b10a24bc952001697947cab2
============================================================

📊 步骤1: 基础分析...
🔍 正在分析钱包: 0xf28e42d20e4826f2b10a24bc952001697947cab2
⏱️  分析周期: 过去 90 天

✅ 分析完成
   胜率: 0.0%
   总盈亏: $0.00
   夏普比率: 0.0

🧠 步骤2: 自动学习模式...
🔍 分析钱包模式: 0xf28e42d20e4826f2b10a24bc952001697947cab2
✅ 学习完成
   生成 0 个新原则

📡 步骤3: 生成交易建议...
   💡 🟡 风险较高: 夏普比率偏低(0.0)，谨慎参考
   💡 🟢 回撤控制佳: 最大回撤仅0.0%

[28/50] 扫描钱包...
🚀 智能扫描: 0xabb89972b21b304c1bed2bf26f35c8741ac9bba3
============================================================

📊 步骤1: 基础分析...
🔍 正在分析钱包: 0xabb89972b21b304c1bed2bf26f35c8741ac9bba3
⏱️  分析周期: 过去 90 天

✅ 分析完成
   胜率: 0.0%
   总盈亏: $-92,722.32
   夏普比率: 0.0

🧠 步骤2: 自动学习模式...
🔍 分析钱包模式: 0xabb89972b21b304c1bed2bf26f35c8741ac9bba3
✅ 学习完成
   生成 0 个新原则

📡 步骤3: 生成交易建议...
   💡 🟡 风险较高: 夏普比率偏低(0.0)，谨慎参考
   💡 🟢 回撤控制佳: 最大回撤仅0.0%

[29/50] 扫描钱包...
🚀 智能扫描: 0xb45a797faa52b0fd8adc56d30382022b7b12192c
============================================================

📊 步骤1: 基础分析...
🔍 正在分析钱包: 0xb45a797faa52b0fd8adc56d30382022b7b12192c
⏱️  分析周期: 过去 90 天

✅ 分析完成
   胜率: 0.0%
   总盈亏: $0.00
   夏普比率: 0.0

🧠 步骤2: 自动学习模式...
🔍 分析钱包模式: 0xb45a797faa52b0fd8adc56d30382022b7b12192c
✅ 学习完成
   生成 0 个新原则

📡 步骤3: 生成交易建议...
   💡 🟡 风险较高: 夏普比率偏低(0.0)，谨慎参考
   💡 🟢 回撤控制佳: 最大回撤仅0.0%

[30/50] 扫描钱包...
🚀 智能扫描: 0x6e82b93eb57b01a63027bd0c6d2f3f04934a752c
============================================================

📊 步骤1: 基础分析...
🔍 正在分析钱包: 0x6e82b93eb57b01a63027bd0c6d2f3f04934a752c
⏱️  分析周期: 过去 90 天

✅ 分析完成
   胜率: 0.0%
   总盈亏: $291.13
   夏普比率: 0.0

🧠 步骤2: 自动学习模式...
🔍 分析钱包模式: 0x6e82b93eb57b01a63027bd0c6d2f3f04934a752c
✅ 学习完成
   生成 0 个新原则

📡 步骤3: 生成交易建议...
   💡 🟡 风险较高: 夏普比率偏低(0.0)，谨慎参考
   💡 🟢 回撤控制佳: 最大回撤仅0.0%

🧬 步骤4: 触发原则进化...
🧬 进化交易原则...
✅ 进化完成:
   淘汰原则: 0
   合并原则: 0
   新增原则: 0
   原则总数: 3
✅ 进化完成: +0 新原则

[31/50] 扫描钱包...
🚀 智能扫描: 0xb6ee66318b42ea6a058d217fe500effd6df10bd0
============================================================

📊 步骤1: 基础分析...
🔍 正在分析钱包: 0xb6ee66318b42ea6a058d217fe500effd6df10bd0
⏱️  分析周期: 过去 90 天

✅ 分析完成
   胜率: 0.0%
   总盈亏: $0.00
   夏普比率: 0.0

🧠 步骤2: 自动学习模式...
🔍 分析钱包模式: 0xb6ee66318b42ea6a058d217fe500effd6df10bd0
✅ 学习完成
   生成 0 个新原则

📡 步骤3: 生成交易建议...
   💡 🟡 风险较高: 夏普比率偏低(0.0)，谨慎参考
   💡 🟢 回撤控制佳: 最大回撤仅0.0%

[32/50] 扫描钱包...
🚀 智能扫描: 0x842ac934cfff1467f27c167c42c318001e407422
============================================================

📊 步骤1: 基础分析...
🔍 正在分析钱包: 0x842ac934cfff1467f27c167c42c318001e407422
⏱️  分析周期: 过去 90 天

✅ 分析完成
   胜率: 0.0%
   总盈亏: $0.00
   夏普比率: 0.0

🧠 步骤2: 自动学习模式...
🔍 分析钱包模式: 0x842ac934cfff1467f27c167c42c318001e407422
✅ 学习完成
   生成 0 个新原则

📡 步骤3: 生成交易建议...
   💡 🟡 风险较高: 夏普比率偏低(0.0)，谨慎参考
   💡 🟢 回撤控制佳: 最大回撤仅0.0%

[33/50] 扫描钱包...
🚀 智能扫描: 0xfce17e0395c790ad16f5a0b7fea062120f8e9ce7
============================================================

📊 步骤1: 基础分析...
🔍 正在分析钱包: 0xfce17e0395c790ad16f5a0b7fea062120f8e9ce7
⏱️  分析周期: 过去 90 天

✅ 分析完成
   胜率: 0.0%
   总盈亏: $607.24
   夏普比率: 0.0

🧠 步骤2: 自动学习模式...
🔍 分析钱包模式: 0xfce17e0395c790ad16f5a0b7fea062120f8e9ce7
✅ 学习完成
   生成 0 个新原则

📡 步骤3: 生成交易建议...
   💡 🟡 风险较高: 夏普比率偏低(0.0)，谨慎参考
   💡 🟢 回撤控制佳: 最大回撤仅0.0%

[34/50] 扫描钱包...
🚀 智能扫描: 0xecfce3118f6f085a96c7d1a8bee42af34cb9cd05
============================================================

📊 步骤1: 基础分析...
🔍 正在分析钱包: 0xecfce3118f6f085a96c7d1a8bee42af34cb9cd05
⏱️  分析周期: 过去 90 天

✅ 分析完成
   胜率: 0.0%
   总盈亏: $-1,391.58
   夏普比率: 0.0

🧠 步骤2: 自动学习模式...
🔍 分析钱包模式: 0xecfce3118f6f085a96c7d1a8bee42af34cb9cd05
✅ 学习完成
   生成 0 个新原则

📡 步骤3: 生成交易建议...
   💡 🟡 风险较高: 夏普比率偏低(0.0)，谨慎参考
   💡 🟢 回撤控制佳: 最大回撤仅0.0%

[35/50] 扫描钱包...
🚀 智能扫描: 0xcbea32005dcba234e23882aac4e6fd3c0baaa2c0
============================================================

📊 步骤1: 基础分析...
🔍 正在分析钱包: 0xcbea32005dcba234e23882aac4e6fd3c0baaa2c0
⏱️  分析周期: 过去 90 天

✅ 分析完成
   胜率: 0.0%
   总盈亏: $0.00
   夏普比率: 0.0

🧠 步骤2: 自动学习模式...
🔍 分析钱包模式: 0xcbea32005dcba234e23882aac4e6fd3c0baaa2c0
✅ 学习完成
   生成 0 个新原则

📡 步骤3: 生成交易建议...
   💡 🟡 风险较高: 夏普比率偏低(0.0)，谨慎参考
   💡 🟢 回撤控制佳: 最大回撤仅0.0%

🧬 步骤4: 触发原则进化...
🧬 进化交易原则...
✅ 进化完成:
   淘汰原则: 0
   合并原则: 0
   新增原则: 0
   原则总数: 3
✅ 进化完成: +0 新原则

[36/50] 扫描钱包...
🚀 智能扫描: 0xdcafb6a5e96ae895a569e4b862a58bea1d21e271
============================================================

📊 步骤1: 基础分析...
🔍 正在分析钱包: 0xdcafb6a5e96ae895a569e4b862a58bea1d21e271
⏱️  分析周期: 过去 90 天

✅ 分析完成
   胜率: 0.0%
   总盈亏: $254.53
   夏普比率: 0.0

🧠 步骤2: 自动学习模式...
🔍 分析钱包模式: 0xdcafb6a5e96ae895a569e4b862a58bea1d21e271
✅ 学习完成
   生成 0 个新原则

📡 步骤3: 生成交易建议...
   💡 🟡 风险较高: 夏普比率偏低(0.0)，谨慎参考
   💡 🟢 回撤控制佳: 最大回撤仅0.0%

[37/50] 扫描钱包...
🚀 智能扫描: 0xaa075924e1dc7cff3b9fab67401126338c4d2125
============================================================

📊 步骤1: 基础分析...
🔍 正在分析钱包: 0xaa075924e1dc7cff3b9fab67401126338c4d2125
⏱️  分析周期: 过去 90 天

✅ 分析完成
   胜率: 0.0%
   总盈亏: $-179.14
   夏普比率: 0.0

🧠 步骤2: 自动学习模式...
🔍 分析钱包模式: 0xaa075924e1dc7cff3b9fab67401126338c4d2125
✅ 学习完成
   生成 0 个新原则

📡 步骤3: 生成交易建议...
   💡 🟡 风险较高: 夏普比率偏低(0.0)，谨慎参考
   💡 🟢 回撤控制佳: 最大回撤仅0.0%

[38/50] 扫描钱包...
🚀 智能扫描: 0x6ade597c0e2b43c0bf3542cada8a5e330d73f5b0
============================================================

📊 步骤1: 基础分析...
🔍 正在分析钱包: 0x6ade597c0e2b43c0bf3542cada8a5e330d73f5b0
⏱️  分析周期: 过去 90 天

✅ 分析完成
   胜率: 0.0%
   总盈亏: $0.00
   夏普比率: 0.0

🧠 步骤2: 自动学习模式...
🔍 分析钱包模式: 0x6ade597c0e2b43c0bf3542cada8a5e330d73f5b0
✅ 学习完成
   生成 0 个新原则

📡 步骤3: 生成交易建议...
   💡 🟡 风险较高: 夏普比率偏低(0.0)，谨慎参考
   💡 🟢 回撤控制佳: 最大回撤仅0.0%

[39/50] 扫描钱包...
🚀 智能扫描: 0xb55216ed55337cf9443139e4e5cace56426694a8
============================================================

📊 步骤1: 基础分析...
🔍 正在分析钱包: 0xb55216ed55337cf9443139e4e5cace56426694a8
⏱️  分析周期: 过去 90 天

✅ 分析完成
   胜率: 0.0%
   总盈亏: $-200.21
   夏普比率: 0.0

🧠 步骤2: 自动学习模式...
🔍 分析钱包模式: 0xb55216ed55337cf9443139e4e5cace56426694a8
✅ 学习完成
   生成 0 个新原则

📡 步骤3: 生成交易建议...
   💡 🟡 风险较高: 夏普比率偏低(0.0)，谨慎参考
   💡 🟢 回撤控制佳: 最大回撤仅0.0%

[40/50] 扫描钱包...
🚀 智能扫描: 0xd7a58948a0aba3015f057ab4ecc5bef039e47c26
============================================================

📊 步骤1: 基础分析...
🔍 正在分析钱包: 0xd7a58948a0aba3015f057ab4ecc5bef039e47c26
⏱️  分析周期: 过去 90 天

✅ 分析完成
   胜率: 0.0%
   总盈亏: $-472.19
   夏普比率: 0.0

🧠 步骤2: 自动学习模式...
🔍 分析钱包模式: 0xd7a58948a0aba3015f057ab4ecc5bef039e47c26
✅ 学习完成
   生成 0 个新原则

📡 步骤3: 生成交易建议...
   💡 🟡 风险较高: 夏普比率偏低(0.0)，谨慎参考
   💡 🟢 回撤控制佳: 最大回撤仅0.0%

🧬 步骤4: 触发原则进化...
🧬 进化交易原则...
✅ 进化完成:
   淘汰原则: 0
   合并原则: 0
   新增原则: 0
   原则总数: 3
✅ 进化完成: +0 新原则

[41/50] 扫描钱包...
🚀 智能扫描: 0xf1649daae29c44bdb406a4dbb7f1748eac398fa4
============================================================

📊 步骤1: 基础分析...
🔍 正在分析钱包: 0xf1649daae29c44bdb406a4dbb7f1748eac398fa4
⏱️  分析周期: 过去 90 天

✅ 分析完成
   胜率: 0.0%
   总盈亏: $0.00
   夏普比率: 0.0

🧠 步骤2: 自动学习模式...
🔍 分析钱包模式: 0xf1649daae29c44bdb406a4dbb7f1748eac398fa4
✅ 学习完成
   生成 0 个新原则

📡 步骤3: 生成交易建议...
   💡 🟡 风险较高: 夏普比率偏低(0.0)，谨慎参考
   💡 🟢 回撤控制佳: 最大回撤仅0.0%

[42/50] 扫描钱包...
🚀 智能扫描: 0xf588b19afe63e1aba00f125f91e3e3b0fdc62b81
============================================================

📊 步骤1: 基础分析...
🔍 正在分析钱包: 0xf588b19afe63e1aba00f125f91e3e3b0fdc62b81
⏱️  分析周期: 过去 90 天

✅ 分析完成
   胜率: 0.0%
   总盈亏: $-8,883.49
   夏普比率: 0.0

🧠 步骤2: 自动学习模式...
🔍 分析钱包模式: 0xf588b19afe63e1aba00f125f91e3e3b0fdc62b81
✅ 学习完成
   生成 0 个新原则

📡 步骤3: 生成交易建议...
   💡 🟡 风险较高: 夏普比率偏低(0.0)，谨慎参考
   💡 🟢 回撤控制佳: 最大回撤仅0.0%

[43/50] 扫描钱包...
🚀 智能扫描: 0xf68a281980f8c13828e84e147e3822381d6e5b1b
============================================================

📊 步骤1: 基础分析...
🔍 正在分析钱包: 0xf68a281980f8c13828e84e147e3822381d6e5b1b
⏱️  分析周期: 过去 90 天

✅ 分析完成
   胜率: 0.0%
   总盈亏: $416.01
   夏普比率: 0.0

🧠 步骤2: 自动学习模式...
🔍 分析钱包模式: 0xf68a281980f8c13828e84e147e3822381d6e5b1b
✅ 学习完成
   生成 0 个新原则

📡 步骤3: 生成交易建议...
   💡 🟡 风险较高: 夏普比率偏低(0.0)，谨慎参考
   💡 🟢 回撤控制佳: 最大回撤仅0.0%

[44/50] 扫描钱包...
🚀 智能扫描: 0x2707f2e693b3d20b5a17b603c532571108140afa
============================================================

📊 步骤1: 基础分析...
🔍 正在分析钱包: 0x2707f2e693b3d20b5a17b603c532571108140afa
⏱️  分析周期: 过去 90 天

✅ 分析完成
   胜率: 0.0%
   总盈亏: $8,578.25
   夏普比率: 0.0

🧠 步骤2: 自动学习模式...
🔍 分析钱包模式: 0x2707f2e693b3d20b5a17b603c532571108140afa
✅ 学习完成
   生成 0 个新原则

📡 步骤3: 生成交易建议...
   💡 🟡 风险较高: 夏普比率偏低(0.0)，谨慎参考
   💡 🟢 回撤控制佳: 最大回撤仅0.0%

[45/50] 扫描钱包...
🚀 智能扫描: 0xe701b372276d03e52a4020622d6c978d4e91dcc2
============================================================

📊 步骤1: 基础分析...
🔍 正在分析钱包: 0xe701b372276d03e52a4020622d6c978d4e91dcc2
⏱️  分析周期: 过去 90 天

✅ 分析完成
   胜率: 0.0%
   总盈亏: $0.00
   夏普比率: 0.0

🧠 步骤2: 自动学习模式...
🔍 分析钱包模式: 0xe701b372276d03e52a4020622d6c978d4e91dcc2
✅ 学习完成
   生成 0 个新原则

📡 步骤3: 生成交易建议...
   💡 🟡 风险较高: 夏普比率偏低(0.0)，谨慎参考
   💡 🟢 回撤控制佳: 最大回撤仅0.0%

🧬 步骤4: 触发原则进化...
🧬 进化交易原则...
✅ 进化完成:
   淘汰原则: 0
   合并原则: 0
   新增原则: 0
   原则总数: 3
✅ 进化完成: +0 新原则

[46/50] 扫描钱包...
🚀 智能扫描: 0x68146921df11eab44296dc4e58025ca84741a9e7
============================================================

📊 步骤1: 基础分析...
🔍 正在分析钱包: 0x68146921df11eab44296dc4e58025ca84741a9e7
⏱️  分析周期: 过去 90 天

✅ 分析完成
   胜率: 0.0%
   总盈亏: $1,203.14
   夏普比率: 0.0

🧠 步骤2: 自动学习模式...
🔍 分析钱包模式: 0x68146921df11eab44296dc4e58025ca84741a9e7
✅ 学习完成
   生成 0 个新原则

📡 步骤3: 生成交易建议...
   💡 🟡 风险较高: 夏普比率偏低(0.0)，谨慎参考
   💡 🟢 回撤控制佳: 最大回撤仅0.0%

[47/50] 扫描钱包...
🚀 智能扫描: 0x7d92fd69504bfd391162e1442cb784c0af408676
============================================================

📊 步骤1: 基础分析...
🔍 正在分析钱包: 0x7d92fd69504bfd391162e1442cb784c0af408676
⏱️  分析周期: 过去 90 天

✅ 分析完成
   胜率: 0.0%
   总盈亏: $0.00
   夏普比率: 0.0

🧠 步骤2: 自动学习模式...
🔍 分析钱包模式: 0x7d92fd69504bfd391162e1442cb784c0af408676
✅ 学习完成
   生成 0 个新原则

📡 步骤3: 生成交易建议...
   💡 🟡 风险较高: 夏普比率偏低(0.0)，谨慎参考
   💡 🟢 回撤控制佳: 最大回撤仅0.0%

[48/50] 扫描钱包...
🚀 智能扫描: 0x751a2b86cab503496efd325c8344e10159349ea1
============================================================

📊 步骤1: 基础分析...
🔍 正在分析钱包: 0x751a2b86cab503496efd325c8344e10159349ea1
⏱️  分析周期: 过去 90 天

✅ 分析完成
   胜率: 0.0%
   总盈亏: $0.00
   夏普比率: 0.0

🧠 步骤2: 自动学习模式...
🔍 分析钱包模式: 0x751a2b86cab503496efd325c8344e10159349ea1
✅ 学习完成
   生成 0 个新原则

📡 步骤3: 生成交易建议...
   💡 🟡 风险较高: 夏普比率偏低(0.0)，谨慎参考
   💡 🟢 回撤控制佳: 最大回撤仅0.0%

[49/50] 扫描钱包...
🚀 智能扫描: 0x9e16523fd812d1d3d6fa7a2bc6763a07ed5b0127
============================================================

📊 步骤1: 基础分析...
🔍 正在分析钱包: 0x9e16523fd812d1d3d6fa7a2bc6763a07ed5b0127
⏱️  分析周期: 过去 90 天

✅ 分析完成
   胜率: 0.0%
   总盈亏: $0.00
   夏普比率: 0.0

🧠 步骤2: 自动学习模式...
🔍 分析钱包模式: 0x9e16523fd812d1d3d6fa7a2bc6763a07ed5b0127
✅ 学习完成
   生成 0 个新原则

📡 步骤3: 生成交易建议...
   💡 🟡 风险较高: 夏普比率偏低(0.0)，谨慎参考
   💡 🟢 回撤控制佳: 最大回撤仅0.0%

[50/50] 扫描钱包...
🚀 智能扫描: 0x32ed517a571c01b6e9adecf61ba81ca48ff2f960
============================================================

📊 步骤1: 基础分析...
🔍 正在分析钱包: 0x32ed517a571c01b6e9adecf61ba81ca48ff2f960
⏱️  分析周期: 过去 90 天

✅ 分析完成
   胜率: 0.0%
   总盈亏: $183.06
   夏普比率: 0.0

🧠 步骤2: 自动学习模式...
🔍 分析钱包模式: 0x32ed517a571c01b6e9adecf61ba81ca48ff2f960
✅ 学习完成
   生成 0 个新原则

📡 步骤3: 生成交易建议...
   💡 🟡 风险较高: 夏普比率偏低(0.0)，谨慎参考
   💡 🟢 回撤控制佳: 最大回撤仅0.0%

🧬 步骤4: 触发原则进化...
🧬 进化交易原则...
✅ 进化完成:
   淘汰原则: 0
   合并原则: 0
   新增原则: 0
   原则总数: 3
✅ 进化完成: +0 新原则

============================================================
📊 批量扫描完成
   扫描钱包: 50
   识别聪明钱: 0

🧬 触发原则进化...
🧬 进化交易原则...
✅ 进化完成:
   淘汰原则: 0
   合并原则: 0
   新增原则: 0
   原则总数: 3
